<?xml version="1.0" encoding="UTF-8"?>
<testng-results ignored="0" total="1" passed="1" failed="0" skipped="0">
  <reporter-output>
  </reporter-output>
  <suite started-at="2025-03-11T11:54:04 IST" name="Default suite" finished-at="2025-03-11T11:54:59 IST" duration-ms="55089">
    <groups>
      <group name="cucumber">
        <method signature="AbstractTestNGCucumberTests.runScenario(io.cucumber.testng.PickleWrapper,io.cucumber.testng.FeatureWrapper)[pri:0, instance:runner.LoginTest$TestRunner@534a5a98]" name="runScenario" class="io.cucumber.testng.AbstractTestNGCucumberTests"/>
      </group> <!-- cucumber -->
    </groups>
    <test started-at="2025-03-11T11:54:04 IST" name="Default test" finished-at="2025-03-11T11:54:59 IST" duration-ms="55089">
      <class name="runner.LoginTest$TestRunner">
        <test-method is-config="true" signature="setUpClass(org.testng.ITestContext)[pri:0, instance:runner.LoginTest$TestRunner@534a5a98]" started-at="2025-03-11T11:54:04 IST" name="setUpClass" finished-at="2025-03-11T11:54:05 IST" duration-ms="914" status="PASS">
          <params>
            <param index="0">
              <value>
                <![CDATA[org.testng.TestRunner@76c387f9]]>
              </value>
            </param>
          </params>
          <reporter-output>
          </reporter-output>
        </test-method> <!-- setUpClass -->
        <test-method signature="runScenario(io.cucumber.testng.PickleWrapper,io.cucumber.testng.FeatureWrapper)[pri:0, instance:runner.LoginTest$TestRunner@534a5a98]" started-at="2025-03-11T11:54:05 IST" name="runScenario" description="Runs Cucumber Scenarios" data-provider="scenarios" finished-at="2025-03-11T11:54:58 IST" duration-ms="53364" status="PASS">
          <params>
            <param index="0">
              <value>
                <![CDATA["User logs in with valid credentials."]]>
              </value>
            </param>
            <param index="1">
              <value>
                <![CDATA["Login Test"]]>
              </value>
            </param>
          </params>
          <reporter-output>
          </reporter-output>
        </test-method> <!-- runScenario -->
        <test-method is-config="true" signature="tearDownClass()[pri:0, instance:runner.LoginTest$TestRunner@534a5a98]" started-at="2025-03-11T11:54:58 IST" name="tearDownClass" finished-at="2025-03-11T11:54:59 IST" duration-ms="684" status="PASS">
          <reporter-output>
          </reporter-output>
        </test-method> <!-- tearDownClass -->
      </class> <!-- runner.LoginTest$TestRunner -->
    </test> <!-- Default test -->
  </suite> <!-- Default suite -->
</testng-results>
